mode: atomic
github.com/sbecker59/terraform-provider-statuspage/statuspage/resource_component.go:14.73,23.23 7 17
github.com/sbecker59/terraform-provider-statuspage/statuspage/resource_component.go:27.2,27.23 1 17
github.com/sbecker59/terraform-provider-statuspage/statuspage/resource_component.go:33.2,39.12 6 17
github.com/sbecker59/terraform-provider-statuspage/statuspage/resource_component.go:23.23,25.3 1 0
github.com/sbecker59/terraform-provider-statuspage/statuspage/resource_component.go:27.23,31.3 3 0
github.com/sbecker59/terraform-provider-statuspage/statuspage/resource_component.go:42.75,61.40 15 5
github.com/sbecker59/terraform-provider-statuspage/statuspage/resource_component.go:65.2,71.23 5 5
github.com/sbecker59/terraform-provider-statuspage/statuspage/resource_component.go:75.2,77.36 2 5
github.com/sbecker59/terraform-provider-statuspage/statuspage/resource_component.go:61.40,63.3 1 0
github.com/sbecker59/terraform-provider-statuspage/statuspage/resource_component.go:71.23,73.3 1 0
github.com/sbecker59/terraform-provider-statuspage/statuspage/resource_component.go:81.75,100.40 15 1
github.com/sbecker59/terraform-provider-statuspage/statuspage/resource_component.go:104.2,110.23 5 1
github.com/sbecker59/terraform-provider-statuspage/statuspage/resource_component.go:114.2,116.36 2 1
github.com/sbecker59/terraform-provider-statuspage/statuspage/resource_component.go:100.40,102.3 1 0
github.com/sbecker59/terraform-provider-statuspage/statuspage/resource_component.go:110.23,112.3 1 0
github.com/sbecker59/terraform-provider-statuspage/statuspage/resource_component.go:119.75,126.23 5 5
github.com/sbecker59/terraform-provider-statuspage/statuspage/resource_component.go:130.2,130.12 1 5
github.com/sbecker59/terraform-provider-statuspage/statuspage/resource_component.go:126.23,128.3 1 0
github.com/sbecker59/terraform-provider-statuspage/statuspage/resource_component.go:133.101,135.42 1 1
github.com/sbecker59/terraform-provider-statuspage/statuspage/resource_component.go:139.2,148.39 7 1
github.com/sbecker59/terraform-provider-statuspage/statuspage/resource_component.go:135.42,137.3 1 0
github.com/sbecker59/terraform-provider-statuspage/statuspage/resource_component.go:152.43,201.2 1 2
github.com/sbecker59/terraform-provider-statuspage/statuspage/resource_incident.go:7.42,9.2 1 2
github.com/sbecker59/terraform-provider-statuspage/statuspage/resource_metric.go:7.40,9.2 1 2
github.com/sbecker59/terraform-provider-statuspage/statuspage/resource_metric_provider.go:9.78,16.23 5 0
github.com/sbecker59/terraform-provider-statuspage/statuspage/resource_metric_provider.go:20.2,20.28 1 0
github.com/sbecker59/terraform-provider-statuspage/statuspage/resource_metric_provider.go:25.2,27.12 2 0
github.com/sbecker59/terraform-provider-statuspage/statuspage/resource_metric_provider.go:16.23,18.3 1 0
github.com/sbecker59/terraform-provider-statuspage/statuspage/resource_metric_provider.go:20.28,23.3 2 0
github.com/sbecker59/terraform-provider-statuspage/statuspage/resource_metric_provider.go:31.80,60.23 22 0
github.com/sbecker59/terraform-provider-statuspage/statuspage/resource_metric_provider.go:64.2,66.41 2 0
github.com/sbecker59/terraform-provider-statuspage/statuspage/resource_metric_provider.go:60.23,62.3 1 0
github.com/sbecker59/terraform-provider-statuspage/statuspage/resource_metric_provider.go:69.80,87.23 12 0
github.com/sbecker59/terraform-provider-statuspage/statuspage/resource_metric_provider.go:91.2,93.41 2 0
github.com/sbecker59/terraform-provider-statuspage/statuspage/resource_metric_provider.go:87.23,89.3 1 0
github.com/sbecker59/terraform-provider-statuspage/statuspage/resource_metric_provider.go:96.80,103.23 5 0
github.com/sbecker59/terraform-provider-statuspage/statuspage/resource_metric_provider.go:107.2,107.12 1 0
github.com/sbecker59/terraform-provider-statuspage/statuspage/resource_metric_provider.go:103.23,105.3 1 0
github.com/sbecker59/terraform-provider-statuspage/statuspage/resource_metric_provider.go:111.48,169.2 1 2
github.com/sbecker59/terraform-provider-statuspage/statuspage/data_source_component_groups.go:8.51,60.2 1 2
github.com/sbecker59/terraform-provider-statuspage/statuspage/data_source_component_groups.go:62.81,70.23 5 0
github.com/sbecker59/terraform-provider-statuspage/statuspage/data_source_component_groups.go:74.2,77.24 3 0
github.com/sbecker59/terraform-provider-statuspage/statuspage/data_source_component_groups.go:91.2,91.44 1 0
github.com/sbecker59/terraform-provider-statuspage/statuspage/data_source_component_groups.go:95.2,95.61 1 0
github.com/sbecker59/terraform-provider-statuspage/statuspage/data_source_component_groups.go:99.2,99.12 1 0
github.com/sbecker59/terraform-provider-statuspage/statuspage/data_source_component_groups.go:70.23,72.3 1 0
github.com/sbecker59/terraform-provider-statuspage/statuspage/data_source_component_groups.go:77.24,80.33 2 0
github.com/sbecker59/terraform-provider-statuspage/statuspage/data_source_component_groups.go:88.3,88.48 1 0
github.com/sbecker59/terraform-provider-statuspage/statuspage/data_source_component_groups.go:80.33,86.4 5 0
github.com/sbecker59/terraform-provider-statuspage/statuspage/data_source_component_groups.go:91.44,93.3 1 0
github.com/sbecker59/terraform-provider-statuspage/statuspage/data_source_component_groups.go:95.61,97.3 1 0
github.com/sbecker59/terraform-provider-statuspage/statuspage/data_source_components.go:8.46,57.2 1 2
github.com/sbecker59/terraform-provider-statuspage/statuspage/data_source_components.go:59.76,67.23 5 0
github.com/sbecker59/terraform-provider-statuspage/statuspage/data_source_components.go:71.2,74.24 3 0
github.com/sbecker59/terraform-provider-statuspage/statuspage/data_source_components.go:89.2,89.44 1 0
github.com/sbecker59/terraform-provider-statuspage/statuspage/data_source_components.go:93.2,93.55 1 0
github.com/sbecker59/terraform-provider-statuspage/statuspage/data_source_components.go:97.2,97.12 1 0
github.com/sbecker59/terraform-provider-statuspage/statuspage/data_source_components.go:67.23,69.3 1 0
github.com/sbecker59/terraform-provider-statuspage/statuspage/data_source_components.go:74.24,77.50 2 0
github.com/sbecker59/terraform-provider-statuspage/statuspage/data_source_components.go:77.50,85.4 6 0
github.com/sbecker59/terraform-provider-statuspage/statuspage/data_source_components.go:89.44,91.3 1 0
github.com/sbecker59/terraform-provider-statuspage/statuspage/data_source_components.go:93.55,95.3 1 0
github.com/sbecker59/terraform-provider-statuspage/statuspage/filter.go:15.47,41.2 1 4
github.com/sbecker59/terraform-provider-statuspage/statuspage/filter.go:52.139,53.42 1 18
github.com/sbecker59/terraform-provider-statuspage/statuspage/filter.go:57.2,57.35 1 17
github.com/sbecker59/terraform-provider-statuspage/statuspage/filter.go:99.2,99.14 1 17
github.com/sbecker59/terraform-provider-statuspage/statuspage/filter.go:53.42,55.3 1 1
github.com/sbecker59/terraform-provider-statuspage/statuspage/filter.go:57.35,62.84 5 20
github.com/sbecker59/terraform-provider-statuspage/statuspage/filter.go:67.3,68.47 2 20
github.com/sbecker59/terraform-provider-statuspage/statuspage/filter.go:73.3,73.67 1 20
github.com/sbecker59/terraform-provider-statuspage/statuspage/filter.go:89.3,90.30 2 20
github.com/sbecker59/terraform-provider-statuspage/statuspage/filter.go:96.3,96.14 1 20
github.com/sbecker59/terraform-provider-statuspage/statuspage/filter.go:62.84,65.4 2 4
github.com/sbecker59/terraform-provider-statuspage/statuspage/filter.go:68.47,70.4 1 1
github.com/sbecker59/terraform-provider-statuspage/statuspage/filter.go:73.67,74.13 1 86
github.com/sbecker59/terraform-provider-statuspage/statuspage/filter.go:85.4,85.35 1 83
github.com/sbecker59/terraform-provider-statuspage/statuspage/filter.go:74.13,76.19 2 3
github.com/sbecker59/terraform-provider-statuspage/statuspage/filter.go:82.5,82.39 1 3
github.com/sbecker59/terraform-provider-statuspage/statuspage/filter.go:76.19,81.6 2 0
github.com/sbecker59/terraform-provider-statuspage/statuspage/filter.go:90.30,92.92 2 62
github.com/sbecker59/terraform-provider-statuspage/statuspage/filter.go:92.92,94.5 1 31
github.com/sbecker59/terraform-provider-statuspage/statuspage/filter.go:102.109,106.49 4 66
github.com/sbecker59/terraform-provider-statuspage/statuspage/filter.go:121.2,122.8 2 65
github.com/sbecker59/terraform-provider-statuspage/statuspage/filter.go:106.49,108.37 1 3
github.com/sbecker59/terraform-provider-statuspage/statuspage/filter.go:112.3,112.96 1 2
github.com/sbecker59/terraform-provider-statuspage/statuspage/filter.go:118.3,118.30 1 2
github.com/sbecker59/terraform-provider-statuspage/statuspage/filter.go:108.37,110.4 1 1
github.com/sbecker59/terraform-provider-statuspage/statuspage/filter.go:112.96,114.109 1 0
github.com/sbecker59/terraform-provider-statuspage/statuspage/filter.go:114.109,116.5 1 0
github.com/sbecker59/terraform-provider-statuspage/statuspage/filter.go:125.77,126.68 1 2
github.com/sbecker59/terraform-provider-statuspage/statuspage/filter.go:130.2,130.65 1 0
github.com/sbecker59/terraform-provider-statuspage/statuspage/filter.go:134.2,134.19 1 0
github.com/sbecker59/terraform-provider-statuspage/statuspage/filter.go:126.68,128.3 1 2
github.com/sbecker59/terraform-provider-statuspage/statuspage/filter.go:130.65,132.3 1 0
github.com/sbecker59/terraform-provider-statuspage/statuspage/filter.go:137.82,139.41 2 0
github.com/sbecker59/terraform-provider-statuspage/statuspage/filter.go:143.2,143.21 1 0
github.com/sbecker59/terraform-provider-statuspage/statuspage/filter.go:139.41,141.3 1 0
github.com/sbecker59/terraform-provider-statuspage/statuspage/filter.go:146.89,147.107 1 0
github.com/sbecker59/terraform-provider-statuspage/statuspage/filter.go:152.2,152.19 1 0
github.com/sbecker59/terraform-provider-statuspage/statuspage/filter.go:147.107,150.3 2 0
github.com/sbecker59/terraform-provider-statuspage/statuspage/filter.go:160.106,162.27 1 20
github.com/sbecker59/terraform-provider-statuspage/statuspage/filter.go:167.2,170.31 2 20
github.com/sbecker59/terraform-provider-statuspage/statuspage/filter.go:175.2,175.47 1 20
github.com/sbecker59/terraform-provider-statuspage/statuspage/filter.go:180.2,182.53 3 19
github.com/sbecker59/terraform-provider-statuspage/statuspage/filter.go:208.2,208.28 1 16
github.com/sbecker59/terraform-provider-statuspage/statuspage/filter.go:212.2,212.26 1 16
github.com/sbecker59/terraform-provider-statuspage/statuspage/filter.go:162.27,165.3 2 0
github.com/sbecker59/terraform-provider-statuspage/statuspage/filter.go:170.31,173.3 2 0
github.com/sbecker59/terraform-provider-statuspage/statuspage/filter.go:175.47,178.3 2 1
github.com/sbecker59/terraform-provider-statuspage/statuspage/filter.go:182.53,183.93 1 19
github.com/sbecker59/terraform-provider-statuspage/statuspage/filter.go:183.93,188.21 3 16
github.com/sbecker59/terraform-provider-statuspage/statuspage/filter.go:188.21,189.39 1 16
github.com/sbecker59/terraform-provider-statuspage/statuspage/filter.go:198.5,198.10 1 16
github.com/sbecker59/terraform-provider-statuspage/statuspage/filter.go:189.39,191.44 1 0
github.com/sbecker59/terraform-provider-statuspage/statuspage/filter.go:195.6,196.54 2 0
github.com/sbecker59/terraform-provider-statuspage/statuspage/filter.go:191.44,194.7 1 0
github.com/sbecker59/terraform-provider-statuspage/statuspage/filter.go:199.10,202.5 1 0
github.com/sbecker59/terraform-provider-statuspage/statuspage/filter.go:203.9,205.4 1 3
github.com/sbecker59/terraform-provider-statuspage/statuspage/filter.go:208.28,210.3 1 0
github.com/sbecker59/terraform-provider-statuspage/statuspage/filter.go:215.57,216.79 1 19
github.com/sbecker59/terraform-provider-statuspage/statuspage/filter.go:225.2,225.13 1 16
github.com/sbecker59/terraform-provider-statuspage/statuspage/filter.go:216.79,217.122 1 3
github.com/sbecker59/terraform-provider-statuspage/statuspage/filter.go:222.3,222.15 1 3
github.com/sbecker59/terraform-provider-statuspage/statuspage/filter.go:217.122,219.4 1 0
github.com/sbecker59/terraform-provider-statuspage/statuspage/filter.go:219.9,219.68 1 3
github.com/sbecker59/terraform-provider-statuspage/statuspage/filter.go:219.68,221.4 1 0
github.com/sbecker59/terraform-provider-statuspage/statuspage/filter.go:231.93,237.31 3 61
github.com/sbecker59/terraform-provider-statuspage/statuspage/filter.go:284.2,284.14 1 30
github.com/sbecker59/terraform-provider-statuspage/statuspage/filter.go:237.31,238.25 1 100
github.com/sbecker59/terraform-provider-statuspage/statuspage/filter.go:239.21,241.18 2 6
github.com/sbecker59/terraform-provider-statuspage/statuspage/filter.go:245.4,245.27 1 6
github.com/sbecker59/terraform-provider-statuspage/statuspage/filter.go:248.20,252.18 2 8
github.com/sbecker59/terraform-provider-statuspage/statuspage/filter.go:256.4,256.25 1 8
github.com/sbecker59/terraform-provider-statuspage/statuspage/filter.go:259.24,262.18 2 5
github.com/sbecker59/terraform-provider-statuspage/statuspage/filter.go:266.4,266.29 1 5
github.com/sbecker59/terraform-provider-statuspage/statuspage/filter.go:269.23,270.49 1 58
github.com/sbecker59/terraform-provider-statuspage/statuspage/filter.go:273.37,274.47 1 23
github.com/sbecker59/terraform-provider-statuspage/statuspage/filter.go:241.18,244.5 2 0
github.com/sbecker59/terraform-provider-statuspage/statuspage/filter.go:245.27,247.5 1 2
github.com/sbecker59/terraform-provider-statuspage/statuspage/filter.go:252.18,255.5 2 0
github.com/sbecker59/terraform-provider-statuspage/statuspage/filter.go:256.25,258.5 1 3
github.com/sbecker59/terraform-provider-statuspage/statuspage/filter.go:262.18,265.5 2 0
github.com/sbecker59/terraform-provider-statuspage/statuspage/filter.go:266.29,268.5 1 2
github.com/sbecker59/terraform-provider-statuspage/statuspage/filter.go:270.49,272.5 1 19
github.com/sbecker59/terraform-provider-statuspage/statuspage/filter.go:274.47,276.33 2 14
github.com/sbecker59/terraform-provider-statuspage/statuspage/filter.go:276.33,277.60 1 28
github.com/sbecker59/terraform-provider-statuspage/statuspage/filter.go:277.60,279.7 1 5
github.com/sbecker59/terraform-provider-statuspage/statuspage/provider.go:22.34,47.2 2 2
github.com/sbecker59/terraform-provider-statuspage/statuspage/provider.go:56.49,58.2 1 0
github.com/sbecker59/terraform-provider-statuspage/statuspage/provider.go:60.69,64.18 3 49
github.com/sbecker59/terraform-provider-statuspage/statuspage/provider.go:68.2,87.8 5 49
github.com/sbecker59/terraform-provider-statuspage/statuspage/provider.go:64.18,66.3 1 0
github.com/sbecker59/terraform-provider-statuspage/statuspage/provider.go:91.56,92.15 1 4
github.com/sbecker59/terraform-provider-statuspage/statuspage/provider.go:96.2,96.52 1 4
github.com/sbecker59/terraform-provider-statuspage/statuspage/provider.go:99.2,99.40 1 4
github.com/sbecker59/terraform-provider-statuspage/statuspage/provider.go:103.2,103.44 1 3
github.com/sbecker59/terraform-provider-statuspage/statuspage/provider.go:92.15,94.3 1 4
github.com/sbecker59/terraform-provider-statuspage/statuspage/provider.go:96.52,98.3 1 0
github.com/sbecker59/terraform-provider-statuspage/statuspage/provider.go:99.40,101.3 1 1
github.com/sbecker59/terraform-provider-statuspage/statuspage/provider.go:106.50,112.2 1 49
github.com/sbecker59/terraform-provider-statuspage/statuspage/helpers.go:12.123,16.50 1 2
github.com/sbecker59/terraform-provider-statuspage/statuspage/helpers.go:20.2,23.41 3 1
github.com/sbecker59/terraform-provider-statuspage/statuspage/helpers.go:26.2,28.27 2 1
github.com/sbecker59/terraform-provider-statuspage/statuspage/helpers.go:44.2,44.69 1 1
github.com/sbecker59/terraform-provider-statuspage/statuspage/helpers.go:16.50,18.3 1 1
github.com/sbecker59/terraform-provider-statuspage/statuspage/helpers.go:23.41,25.3 1 2
github.com/sbecker59/terraform-provider-statuspage/statuspage/helpers.go:28.27,31.42 2 2
github.com/sbecker59/terraform-provider-statuspage/statuspage/helpers.go:36.3,36.100 1 1
github.com/sbecker59/terraform-provider-statuspage/statuspage/helpers.go:40.3,40.55 1 1
github.com/sbecker59/terraform-provider-statuspage/statuspage/helpers.go:31.42,32.12 1 1
github.com/sbecker59/terraform-provider-statuspage/statuspage/helpers.go:36.100,37.12 1 0
github.com/sbecker59/terraform-provider-statuspage/statuspage/helpers.go:40.55,42.4 1 0
github.com/sbecker59/terraform-provider-statuspage/statuspage/resource_component_group.go:12.78,21.23 7 9
github.com/sbecker59/terraform-provider-statuspage/statuspage/resource_component_group.go:25.2,25.29 1 9
github.com/sbecker59/terraform-provider-statuspage/statuspage/resource_component_group.go:30.2,34.12 4 9
github.com/sbecker59/terraform-provider-statuspage/statuspage/resource_component_group.go:21.23,23.3 1 0
github.com/sbecker59/terraform-provider-statuspage/statuspage/resource_component_group.go:25.29,28.3 2 0
github.com/sbecker59/terraform-provider-statuspage/statuspage/resource_component_group.go:37.80,48.31 8 2
github.com/sbecker59/terraform-provider-statuspage/statuspage/resource_component_group.go:52.2,64.23 9 2
github.com/sbecker59/terraform-provider-statuspage/statuspage/resource_component_group.go:68.2,70.41 2 2
github.com/sbecker59/terraform-provider-statuspage/statuspage/resource_component_group.go:48.31,50.3 1 2
github.com/sbecker59/terraform-provider-statuspage/statuspage/resource_component_group.go:64.23,66.3 1 0
github.com/sbecker59/terraform-provider-statuspage/statuspage/resource_component_group.go:74.80,85.31 8 1
github.com/sbecker59/terraform-provider-statuspage/statuspage/resource_component_group.go:89.2,101.23 9 1
github.com/sbecker59/terraform-provider-statuspage/statuspage/resource_component_group.go:105.2,107.41 2 1
github.com/sbecker59/terraform-provider-statuspage/statuspage/resource_component_group.go:85.31,87.3 1 2
github.com/sbecker59/terraform-provider-statuspage/statuspage/resource_component_group.go:101.23,103.3 1 0
github.com/sbecker59/terraform-provider-statuspage/statuspage/resource_component_group.go:110.80,117.23 5 2
github.com/sbecker59/terraform-provider-statuspage/statuspage/resource_component_group.go:121.2,121.12 1 2
github.com/sbecker59/terraform-provider-statuspage/statuspage/resource_component_group.go:117.23,119.3 1 0
github.com/sbecker59/terraform-provider-statuspage/statuspage/resource_component_group.go:124.106,125.42 1 1
github.com/sbecker59/terraform-provider-statuspage/statuspage/resource_component_group.go:129.2,139.39 7 1
github.com/sbecker59/terraform-provider-statuspage/statuspage/resource_component_group.go:125.42,127.3 1 0
github.com/sbecker59/terraform-provider-statuspage/statuspage/resource_component_group.go:142.48,179.2 1 2
github.com/sbecker59/terraform-provider-statuspage/statuspage/resource_subsriber.go:11.74,17.23 5 2
github.com/sbecker59/terraform-provider-statuspage/statuspage/resource_subsriber.go:21.2,21.18 1 2
github.com/sbecker59/terraform-provider-statuspage/statuspage/resource_subsriber.go:27.2,30.12 3 2
github.com/sbecker59/terraform-provider-statuspage/statuspage/resource_subsriber.go:17.23,19.3 1 0
github.com/sbecker59/terraform-provider-statuspage/statuspage/resource_subsriber.go:21.18,25.3 3 0
github.com/sbecker59/terraform-provider-statuspage/statuspage/resource_subsriber.go:34.76,42.35 5 1
github.com/sbecker59/terraform-provider-statuspage/statuspage/resource_subsriber.go:45.2,45.38 1 1
github.com/sbecker59/terraform-provider-statuspage/statuspage/resource_subsriber.go:49.2,54.23 4 1
github.com/sbecker59/terraform-provider-statuspage/statuspage/resource_subsriber.go:58.2,60.37 2 1
github.com/sbecker59/terraform-provider-statuspage/statuspage/resource_subsriber.go:42.35,44.3 1 1
github.com/sbecker59/terraform-provider-statuspage/statuspage/resource_subsriber.go:45.38,47.3 1 0
github.com/sbecker59/terraform-provider-statuspage/statuspage/resource_subsriber.go:54.23,56.3 1 0
github.com/sbecker59/terraform-provider-statuspage/statuspage/resource_subsriber.go:64.76,74.23 6 0
github.com/sbecker59/terraform-provider-statuspage/statuspage/resource_subsriber.go:78.2,80.37 2 0
github.com/sbecker59/terraform-provider-statuspage/statuspage/resource_subsriber.go:74.23,76.3 1 0
github.com/sbecker59/terraform-provider-statuspage/statuspage/resource_subsriber.go:84.76,92.23 5 1
github.com/sbecker59/terraform-provider-statuspage/statuspage/resource_subsriber.go:96.2,96.12 1 1
github.com/sbecker59/terraform-provider-statuspage/statuspage/resource_subsriber.go:92.23,94.3 1 0
github.com/sbecker59/terraform-provider-statuspage/statuspage/resource_subsriber.go:100.44,149.2 1 2
